Sep 14 20:41 : exception: RTIOThread could not get realtime scheduling, continuing anyway: sched_setscheduler failed: Operation not permitted
Sep 14 20:41 : exception: Failed to access /home/galym/Music: No such file or directory
Sep 14 20:41 : exception: Failed to open '/home/galym/.mpd/mpdstate': No such file or directory
Sep 14 20:41 : config: option 'device' on line 13 was not recognized
Sep 14 20:51 : config: option 'device' on line 13 was not recognized
Sep 14 20:51 : exception: RTIOThread could not get realtime scheduling, continuing anyway: sched_setscheduler failed: Operation not permitted
Sep 14 20:51 : client: [0] opened from 127.0.0.1:44576
Sep 14 20:52 : update: added разное/Etnoscop_Etnoscope - Qul_02774282.mp3
Sep 14 20:52 : update: added разное/Дорожка 2_01855126.mp3
Sep 14 20:52 : update: added разное/Дорожка 7_01855149.mp3
Sep 14 20:52 : update: added разное/The Scientists_01913403.mp3
Sep 14 20:52 : update: added разное/В«РњРѕРґРµР»СЊ Р”Р»СЏ РЎР±РѕСЂРњРѕРґРµР»СЊ Р”Р»СЏ РЎР±РѕСЂРє2012http___mds.podfm.ru_252_Р›РµРѕРЅРёРґ РљР°Р_01797392.mp3
Sep 14 20:52 : update: added разное/Matus Siroky_Discovery_03062844.mp3
Sep 14 20:52 : update: added разное/Дорожка 1_01913982.mp3
Sep 14 20:52 : update: added разное/Дорожка 1_01913904.mp3
Sep 14 20:52 : update: added разное/Ilan Eshkeri_Sul Sul_02481666.mp3
Sep 14 20:52 : update: added разное/Jorn Van Deynhoven & Manuel Le Saux_Nardo (Jorn Van Deynhoven Mix)_01885298.mp3
Sep 14 20:52 : update: added разное/Michael McCann_Icarus - Main Theme_02773589.mp3
Sep 14 20:52 : update: added разное/Matus Siroky_The Shaft_03062913.mp3
Sep 14 20:52 : update: added разное/The Fleets Arrive_01913386.mp3
Sep 14 20:52 : update: added разное/Kota Suzuk_Terror from the Water I_03121133.mp3
Sep 14 20:52 : update: added разное/Christopher Hoag_House M.D. 01x01 Opening-Closing Credits Theme_01911586.mp3
Sep 14 20:52 : update: added разное/Дорожка 2_01855117.mp3
Sep 14 20:52 : update: added разное/Дорожка 5_01855139.mp3
Sep 14 20:52 : update: added разное/Поль Мори_Алуетт (тема из передачи _В мире животных__02773645.mp3
Sep 14 20:52 : update: added разное/Zyce And Flegm_Oriso_02773733.mp3
Sep 14 20:52 : update: added разное/Дорожка_01855182.mp3
Sep 14 20:52 : update: added разное/Matus Siroky_Mastermind_03062910.mp3
Sep 14 20:52 : update: added разное/Дорожка 6_01883265.mp3
Sep 14 20:52 : update: added разное/Etnoscop_Etnoscope - Ki La_02773734.mp3
Sep 14 20:52 : update: added разное/Matus Siroky_Hell On Wheels_03062840.mp3
Sep 14 20:52 : update: added разное/The Ardat Yakshi_01913400.mp3
Sep 14 20:52 : update: added разное/Matus Siroky_Flying Lessons_03062846.mp3
Sep 14 20:52 : update: added разное/Oriso_Brush (Vice Remix_02774666.mp3
Sep 14 20:52 : update: added разное/Дорожка 7_01885260.mp3
Sep 14 20:52 : update: added разное/Matus Siroky_System Shock_03057369.mp3
Sep 14 20:52 : update: added разное/Everlast_Black Jesus_03195408.mp3
Sep 14 20:52 : update: added разное/Ilan Eshkeri_The Sims 4 Theme_02481668.mp3
Sep 14 20:52 : update: added разное/Андрей Миронов_Остров невезения_02773789.mp3
Sep 14 20:52 : update: added разное/Kota Suzuk_Deep Se_03121065.mp3
Sep 14 20:52 : update: added разное/Etnoscop_Etnoscope - Metalixi_02773800.mp3
Sep 14 20:52 : update: added разное/Matus Siroky_Nemesis_03062917.mp3
Sep 14 20:52 : update: added разное/Дорожка_01908275.mp3
Sep 14 20:52 : update: added разное/Scott Donaldson & Richard Nolan_Teardrop_01880913.mp3
Sep 14 20:52 : update: added разное/Michael McCann_Icarus - Main Theme_02773574.mp3
Sep 14 20:52 : update: added разное/Takeshi Miur_Falling Chorus_03121158.mp3
Sep 14 20:52 : update: added разное/Дорожка_01908274.mp3
Sep 14 20:52 : update: added разное/Etnoscop_Etnoscope - Sneaky Drum_02773788.mp3
Sep 14 20:52 : update: added разное/Etnoscop_Etnoscope - Dawn Of Tim_02773644.mp3
Sep 14 20:52 : update: added разное/Ichiro Kohmot_Chao_03121146.mp3
Sep 14 20:52 : update: added разное/Дорожка 3_01883239.mp3
Sep 14 20:52 : update: added разное/Stevie Wonde_I Just Called To Say I Love Yo_02774725.mp3
Sep 14 20:52 : update: added разное/The Author_The Title_02647330.mp3
Sep 14 20:52 : update: added разное/My Chemical Romance - The Sharpest Lives_(musiclife.kz)_My Chemical Romance - The Sharpest Lives_(musiclif_02817163.mp3
Sep 14 20:52 : update: added разное/Takeshi Miur_Hal_03121081.mp3
Sep 14 20:52 : update: added разное/Toine Heuvelmans_Noise_03196075.mp3
Sep 14 20:52 : update: added разное/Дорожка_01855148.mp3
Sep 14 20:52 : update: added разное/Dreastic_Spirit (Dreas Original Mix)_01885294.mp3
Sep 14 20:52 : update: added разное/Неизвесте_очень красивая мелоди_03005693.mp3
Sep 14 20:52 : update: added разное/Believe_The Witcher Theme_02774449.mp3
Sep 14 20:52 : update: added разное/Дорожка 1_01883260.mp3
Sep 14 20:52 : update: added разное/Ilan Eshkeri_Beatrix_02481641.mp3
Sep 14 20:52 : update: added разное/Seth.ECT_Orison_02773670.mp3
Sep 14 20:52 : update: added разное/Etnoscop_Etnoscope - Sunris_02773737.mp3
Sep 14 20:52 : update: added разное/Ichiro Kohmot_Countdow_03121083.mp3
Sep 14 20:52 : ffmpeg/mp3: Format mp3 detected only with low score of 1, misdetection possible!
Sep 14 20:52 : ffmpeg/mp3float: Header missing
Sep 14 20:52 : ffmpeg/mp3float: Header missing
Sep 14 20:52 : ffmpeg/mp3float: Header missing
Sep 14 20:52 : ffmpeg/mp3: decoding for stream 0 failed
Sep 14 20:52 : ffmpeg/mp3: Could not find codec parameters for stream 0 (Audio: mp3 (mp3float), 0 channels, fltp): unspecified frame size
Consider increasing the value for the 'analyzeduration' and 'probesize' options
Sep 14 20:52 : update: added разное/Дорожка_01908136.mp3
Sep 14 20:52 : update: added разное/Matus Siroky_Orphans Of Doom_03062842.mp3
Sep 14 20:52 : update: added разное/Suile_Magnoli_02445636.mp3
Sep 14 20:52 : update: added разное/Arnej_The Strings That Bind Us (Original Mix)_01885296.mp3
Sep 14 20:52 : update: added разное/DJ Eco Feat Lira Yin_Love (Vocal Mix)_01885295.mp3
Sep 14 20:52 : update: added разное/Etnoscop_Etnoscope - Silent Agreemen_02773726.mp3
Sep 14 20:52 : update: added разное/Jace Jupiter_Obrayzow_02481664.mp3
Sep 14 20:52 : update: added разное/_0ZЙЧяЪЅІhўОFќKэЄYЊ,_)„њИm4РКЯУ_У2»kщjV1BЙ)€оФnVBЗ_oMЄ«Y›9___ФЏяЊБЋ–Жgч.дcФЊд_ё•ЏрЗЛЅ_81П_†B(ЎЦЪb_j)™qЙБ_C_02698443.mp3
Sep 14 20:52 : update: added разное/Дорожка 1_01913983.mp3
Sep 14 20:52 : update: added разное/Дорожка_01855136.mp3
Sep 14 20:52 : update: added разное/Ichiro Kohmot_Abys_03121134.mp3
Sep 14 20:52 : update: added разное/I Was Lost Without You_01913385.mp3
Sep 14 20:52 : update: added разное/Leaving Earth_01913396.mp3
Sep 14 20:52 : update: added разное/I'm Sorry_01913402.mp3
Sep 14 20:52 : update: added разное/Rannoch_01913401.mp3
Sep 14 20:52 : update: added разное/Matus Siroky_Take Him Down_03062838.mp3
Sep 14 20:52 : update: added разное/Matus Siroky_Xenomorph_03062915.mp3
Sep 14 20:52 : update: added разное/Takeshi Miur_Ride on Se_03121082.mp3
Sep 14 20:52 : update: added разное/Reaper Chase_01913405.mp3
Sep 14 20:52 : update: added разное/Дорожка 1_01913905.mp3
Sep 14 20:52 : update: added разное/Дорожка 2_01911651.mp3
Sep 14 20:52 : update: added разное/Matus Siroky_The Source_03062916.mp3
Sep 14 20:52 : update: added разное/Malukah_TheAgeOfAggression-Malukah_01913576.mp3
Sep 14 20:52 : update: added разное/Дорожка_01908265.mp3
Sep 14 20:52 : update: added разное/Kota Suzuki _ Takeshi Miur_Falling Chorus I_03121135.mp3
Sep 14 20:52 : ffmpeg/mp3: Format mp3 detected only with low score of 1, misdetection possible!
Sep 14 20:52 : ffmpeg/mp3: Failed to read frame size: Could not seek to 46719.
Sep 14 20:52 : update: added разное/Mars_01883165.mp3
Sep 14 20:52 : update: added разное/Дорожка_01855089.mp3
Sep 14 20:52 : update: added разное/The New Saga _In My Head_02481645.mp3
Sep 14 20:52 : update: added разное/Дорожка 2_01913813.mp3
Sep 14 20:52 : update: added разное/Matus Siroky_Awakening_03057357.mp3
Sep 14 20:52 : update: added разное/Наемник (Il Mercenario) - 196_12. Ennio Morricone - Il mercenario (ripresa terza_02773573.mp3
Sep 14 20:52 : update: added разное/Kota Suzuki_Deep Sea_03121079.mp3
Sep 14 20:52 : update: added разное/Ilan Eshkeri_Me Too_02481647.mp3
Sep 14 20:52 : update: added разное/Дорожка 4_01855140.mp3
Sep 14 20:52 : update: added разное/Etnoscop_Etnoscope - King Size Rizzl_02774252.mp3
Sep 14 20:52 : update: added разное/noise maker_cbr noise_03196085.mp3
Sep 14 20:52 : update: added разное/Kota Suzuk_Revelations -Full Ver._03121064.mp3
Sep 14 20:52 : update: added разное/Massive Attack_Teardrop_01880741.mp3
Sep 14 20:52 : update: added разное/Wri Gaddison_Again And Again_02481619.mp3
Sep 14 20:52 : update: added разное/Prothean Beacon_01913382.mp3
Sep 14 20:52 : update: added разное/Дорожка_01908272.mp3
Sep 14 20:52 : update: added разное/Matus Siroky_The Landing_03062911.mp3
Sep 14 20:52 : update: added разное/Неизвесте_очень красивая мелоди_02773787.mp3
Sep 14 20:52 : update: added разное/Matus Siroky_Apocalypse Now_03054427.mp3
Sep 14 20:52 : update: added разное/Ilan Eshkeri_Test Card 4 4_02481667.mp3
Sep 14 20:52 : update: added разное/I'm Proud Of You_01913571.mp3
Sep 14 20:52 : update: added разное/Matus Siroky_Tribal War_03062841.mp3
Sep 14 20:52 : update: added разное/Two Steps From Hell_Heart Of Courage_01913381.mp3
Sep 14 20:52 : ffmpeg/mp3: Format mp3 detected only with low score of 1, misdetection possible!
Sep 14 20:52 : ffmpeg/mp3: Failed to read frame size: Could not seek to 37503.
Sep 14 20:52 : update: added разное/Orison_Rebels Below The Waist_02773721.mp3
Sep 14 20:52 : update: added разное/Betrayal_01913573.mp3
Sep 14 20:52 : ffmpeg/mp3: Format mp3 detected only with low score of 1, misdetection possible!
Sep 14 20:52 : ffmpeg/mp3: Failed to read frame size: Could not seek to 4553.
Sep 14 20:52 : update: added разное/Ehren Stowers_Ascent (Original Mix)_01885289.mp3
Sep 14 20:52 : update: added разное/Дорожка 3_01855094.mp3
Sep 14 20:52 : update: added разное/Etnoscop_Etnoscope - Megastam_02773590.mp3
Sep 14 20:52 : update: added разное/Stand Strong, Stand Together_01913384.mp3
Sep 14 20:52 : update: added разное/Ilan Eshkeri_Breakfast_02481643.mp3
Sep 14 20:52 : update: added разное/Bella Red_Believe In Love_02481642.mp3
Sep 14 20:52 : update: added разное/Matus Siroky_Main Title (Genesis)_03062836.mp3
Sep 14 20:52 : update: added разное/Thomas Bronzwaer_Collider (Original Mix)_01885304.mp3
Sep 14 20:52 : update: added разное/Robert Nickson_We Won't Forget (Arty Remix)_01885288.mp3
Sep 14 20:52 : update: added разное/Айдамир Мугу И Аслан Тлебзу_Черные Глаза_02773686.mp3
Sep 14 20:52 : update: added разное/The Fate of the Galaxy_01913206.mp3
Sep 14 20:52 : update: added разное/Jorn Van Deynhoven & Temple One_Halo (Jorn Van Deynhoven Mix)_01885293.mp3
Sep 14 20:52 : update: added разное/Etnoscope_Etnoscope Megastamp_02773575.mp3
Sep 14 20:52 : update: added разное/The Author_The Title_02645543.mp3
Sep 14 20:52 : update: added разное/Дорожка 3_01883240.mp3
Sep 14 20:52 : update: added разное/The Author_The Title_02647342.mp3
Sep 14 20:52 : update: added разное/Дорожка_01855102.mp3
Sep 14 20:52 : update: added разное/Matus Siroky_Dust And Echoes_03062839.mp3
Sep 14 20:52 : update: added разное/Ilan Eshkeri_Milan_02481648.mp3
Sep 14 20:52 : update: added разное/Surkesh_01913399.mp3
Sep 14 20:52 : update: added разное/Matus Siroky_Biolab_03062845.mp3
Sep 14 20:52 : update: added разное/Kota Suzuki _ Ichiro Kohmot_Terror from the Water_03121080.mp3
Sep 14 20:52 : update: added разное/Sebastian Brandt_450 (Original Mix)_01885285.mp3
Sep 14 20:52 : update: added разное/Дорожка_01855137.mp3
Sep 14 20:52 : update: added разное/Luther LeCriox_I'm Gone_02481644.mp3
Sep 14 20:52 : update: added разное/Matus Siroky_The Fall_03057368.mp3
Sep 14 20:52 : update: added разное/Zyce And Flegma_Orison_02773727.mp3
Sep 14 20:52 : update: added разное/Lyle Hampton And The Hollars_Love Is True_02481646.mp3
Sep 14 20:52 : update: added разное/Дорожка 5_01913984.mp3
Sep 14 20:52 : update: added разное/Дорожка_01908273.mp3
Sep 14 20:52 : update: added разное/An End, Once and For All_01913572.mp3
Sep 14 20:52 : update: added разное/Takeshi Miur__O vendetta di Dio_03121157.mp3
Sep 14 20:52 : update: added разное/Matus Siroky_Chimera_03055192.mp3
Sep 14 20:52 : ffmpeg/mp3: Format mp3 detected only with low score of 1, misdetection possible!
Sep 14 20:52 : ffmpeg/mp3float: Header missing
Sep 14 20:52 : ffmpeg/mp3: decoding for stream 0 failed
Sep 14 20:52 : ffmpeg/mp3: Could not find codec parameters for stream 0 (Audio: mp3 (mp3float), 0 channels, fltp): unspecified frame size
Consider increasing the value for the 'analyzeduration' and 'probesize' options
Sep 14 20:52 : update: added разное/Дорожка 1_01855103.mp3
Sep 14 20:52 : update: added разное/AN21 & Max Vangeli _Real People_02481665.mp3
Sep 14 20:52 : update: added разное/Matus Siroky_Exodus_03055202.mp3
Sep 14 20:52 : update: added разное/Claudia Cazacu_Translucent (Original Mix)_01885297.mp3
Sep 14 20:52 : update: added разное/Дорожка_01855116.mp3
Sep 14 20:52 : update: added разное/Matus Siroky_Bad Dreams_03062914.mp3
Sep 14 20:52 : update: added разное/Ichiro Kohmot_Veltro -Qualtetto_03121152.mp3
Sep 14 20:52 : update: added разное/Suilen_Shinto Shite_02336151.mp3
Sep 14 20:52 : update: added разное/Дорожка_01908264.mp3
Sep 14 20:52 : update: added разное/Matus Siroky_The Darkest Hour_03062837.mp3
Sep 14 20:52 : update: added разное/We Face Our Enemy Together_01913387.mp3
Sep 14 20:52 : update: added разное/Дорожка 3_01913906.mp3
Sep 14 20:52 : update: added разное/Grzegorz Ciechowski_Wiedzmin_02774447.mp3
Sep 14 20:52 : update: added разное/Matus Siroky_A New Face_03062912.mp3
Sep 14 20:52 : update: added разное/Дорожка 2_01913812.mp3
Sep 14 20:52 : update: added разное/Дорожка_01908263.mp3
Sep 14 20:52 : update: added разное/Matus Siroky_Paradox_03062843.mp3
Sep 14 20:52 : update: added The Witcher 3 Wild Hunt OST (Unreleased + Unofficial)/Eon -- Dancing with Monsters.mp3
Sep 14 20:52 : update: added The Witcher 3 Wild Hunt OST (Unreleased + Unofficial)/Witcher 3 Wild Hunt OST (Unreleased Tracks)/The Witcher 3_ Wild Hunt OST (Unreleased Tracks) - Oxenfurt.flac
Sep 14 20:52 : update: added The Witcher 3 Wild Hunt OST (Unreleased + Unofficial)/Witcher 3 Wild Hunt OST (Unreleased Tracks)/The Witcher 3_ Wild Hunt OST (Unreleased Tracks) - Versus Shrieker.flac
Sep 14 20:52 : update: added The Witcher 3 Wild Hunt OST (Unreleased + Unofficial)/Witcher 3 Wild Hunt OST (Unreleased Tracks)/The Witcher 3_ Wild Hunt OST (Unreleased Tracks) - King of Beggars' Hideout.flac
Sep 14 20:52 : update: added The Witcher 3 Wild Hunt OST (Unreleased + Unofficial)/Witcher 3 Wild Hunt OST (Unreleased Tracks)/The Witcher 3_ Wild Hunt OST (Unreleased Tracks) - Outskirts of Novigrad (Midnight).flac
Sep 14 20:52 : update: added The Witcher 3 Wild Hunt OST (Unreleased + Unofficial)/Witcher 3 Wild Hunt OST (Unreleased Tracks)/The Witcher 3_ Wild Hunt OST (Unreleased Tracks) - Outskirts of Novigrad.flac
Sep 14 20:52 : update: added The Witcher 3 Wild Hunt OST (Unreleased + Unofficial)/Witcher 3 Wild Hunt OST (Unreleased Tracks)/The Witcher 3_ Wild Hunt OST (Unreleased Tracks) - Versus Eredin.flac
Sep 14 20:52 : update: added The Witcher 3 Wild Hunt OST (Unreleased + Unofficial)/Witcher 3 Wild Hunt OST (Unreleased Tracks)/The Witcher 3_ Wild Hunt OST (Unreleased Tracks) - The Orphans of Crookback Bog.flac
Sep 14 20:52 : update: added The Witcher 3 Wild Hunt OST (Unreleased + Unofficial)/Witcher 3 Wild Hunt OST (Unreleased Tracks)/The Witcher 3_ Wild Hunt OST (Unreleased Tracks) - Ploughing.flac
Sep 14 20:52 : update: added The Witcher 3 Wild Hunt OST (Unreleased + Unofficial)/Witcher 3 Wild Hunt OST (Unreleased Tracks)/The Witcher 3_ Wild Hunt OST (Unreleased Tracks) - Midnight at Mubrydale.flac
Sep 14 20:52 : update: added The Witcher 3 Wild Hunt OST (Unreleased + Unofficial)/Witcher 3 Wild Hunt OST (Unreleased Tracks)/The Witcher 3_ Wild Hunt OST (Unreleased Tracks) - A Magic Cave.flac
Sep 14 20:52 : update: added The Witcher 3 Wild Hunt OST (Unreleased + Unofficial)/Witcher 3 Wild Hunt OST (Unreleased Tracks)/The Witcher 3_ Wild Hunt OST (Unreleased Tracks) - Novigrad Dreaming.flac
Sep 14 20:52 : update: added The Witcher 3 Wild Hunt OST (Unreleased + Unofficial)/Witcher 3 Wild Hunt OST (Unreleased Tracks)/The Witcher 3_ Wild Hunt OST (Unreleased Tracks) - Trashing Avallac'h's Lab.flac
Sep 14 20:52 : update: added The Witcher 3 Wild Hunt OST (Unreleased + Unofficial)/Witcher 3 Wild Hunt OST (Unreleased Tracks)/The Witcher 3_ Wild Hunt OST (Unreleased Tracks) - Skellige Battle 3.flac
Sep 14 20:52 : update: added The Witcher 3 Wild Hunt OST (Unreleased + Unofficial)/Witcher 3 Wild Hunt OST (Unreleased Tracks)/The Witcher 3_ Wild Hunt OST (Unreleased Tracks) - Tedd Deireadh_ the Final Age.flac
Sep 14 20:52 : update: added The Witcher 3 Wild Hunt OST (Unreleased + Unofficial)/Witcher 3 Wild Hunt OST (Unreleased Tracks)/The Witcher 3_ Wild Hunt OST (Unreleased Tracks) - Ard Skellig Village.flac
Sep 14 20:52 : update: added The Witcher 3 Wild Hunt OST (Unreleased + Unofficial)/Witcher 3 Wild Hunt OST (Unreleased Tracks)/The Witcher 3_ Wild Hunt OST (Unreleased Tracks) - The Fields of Ard Skellig (Midnight).flac
Sep 14 20:52 : update: added The Witcher 3 Wild Hunt OST (Unreleased + Unofficial)/Witcher 3 Wild Hunt OST (Unreleased Tracks)/The Witcher 3 _ Wild Hunt OST - Unreleased Bloody Baron Theme (Extended).flac
Sep 14 20:52 : update: added The Witcher 3 Wild Hunt OST (Unreleased + Unofficial)/Witcher 3 Wild Hunt OST (Unreleased Tracks)/The Witcher 3_ Wild Hunt OST (Unreleased Tracks) - The Slums of Novigrad.flac
Sep 14 20:52 : update: added The Witcher 3 Wild Hunt OST (Unreleased + Unofficial)/Witcher 3 Wild Hunt OST (Unreleased Tracks)/The Witcher 3_ Wild Hunt OST (Unreleased Tracks) - Forefather's Eve.flac
Sep 14 20:52 : update: added The Witcher 3 Wild Hunt OST (Unreleased + Unofficial)/Witcher 3 Wild Hunt OST (Unreleased Tracks)/The Witcher 3_ Wild Hunt OST (Unreleased Tracks) - Versus Djinn.flac
Sep 14 20:52 : update: added The Witcher 3 Wild Hunt OST (Unreleased + Unofficial)/Witcher 3 Wild Hunt OST (Unreleased Tracks)/The Witcher 3_ Wild Hunt OST (Unreleased Tracks) - Skellige Battle 1.flac
Sep 14 20:52 : update: added The Witcher 3 Wild Hunt OST (Unreleased + Unofficial)/Witcher 3 Wild Hunt OST (Unreleased Tracks)/The Witcher 3_ Wild Hunt OST (Unreleased Tracks) - Skellige Battle 2.flac
Sep 14 20:52 : update: added The Witcher 3 Wild Hunt OST (Unreleased + Unofficial)/Witcher 3 Wild Hunt OST (Unreleased Tracks)/The Witcher 3_ Wild Hunt OST (Unreleased Tracks) - Tretogor Gate (Midnight).flac
Sep 14 20:52 : update: added The Witcher 3 Wild Hunt OST (Unreleased + Unofficial)/Witcher 3 Wild Hunt OST (Unreleased Tracks)/The Witcher 3_ Wild Hunt OST (Unreleased Tracks) - A Magic Cave [Extended].flac
Sep 14 20:52 : update: added The Witcher 3 Wild Hunt OST (Unreleased + Unofficial)/Witcher 3 Wild Hunt OST (Unreleased Tracks)/The Witcher 3_ Wild Hunt OST (Unreleased Tracks) - Versus Caranthir.flac
Sep 14 20:52 : update: added The Witcher 3 Wild Hunt OST (Unreleased + Unofficial)/Eon - The Wolven Storm (Hip Hop Remix).mp3
Sep 14 20:52 : update: added The Witcher 3 Wild Hunt OST (Unreleased + Unofficial)/Witcher 3 Wild Hunt (Unofficial Tracks)/The Witcher 3_ Wild Hunt - Geralt Investigation Ambience Extended - - Unofficial Soundtrack.flac
Sep 14 20:52 : update: added The Witcher 3 Wild Hunt OST (Unreleased + Unofficial)/Witcher 3 Wild Hunt (Unofficial Tracks)/The Witcher 3_ Wild Hunt - Velen Nature Theme Extended - Unofficial Soundtrack.flac
Sep 14 20:52 : update: added The Witcher 3 Wild Hunt OST (Unreleased + Unofficial)/Witcher 3 Wild Hunt (Unofficial Tracks)/The Witcher 3 OST - The Bloody Baron's Family.flac
Sep 14 20:52 : update: added The Witcher 3 Wild Hunt OST (Unreleased + Unofficial)/Witcher 3 Wild Hunt (Unofficial Tracks)/The Witcher 3_ Wild Hunt - Triss_ 'Now or Never' Theme Extended - Unofficial Soundtrack.flac
Sep 14 20:52 : update: added The Witcher 3 Wild Hunt OST (Unreleased + Unofficial)/Witcher 3 Wild Hunt (Unofficial Tracks)/The Witcher 3_ Wild Hunt - Roche's Hideout Theme Extended - Unofficial soundtrack.flac
Sep 14 20:52 : update: added The Witcher 3 Wild Hunt OST (Unreleased + Unofficial)/Witcher 3 Wild Hunt (Unofficial Tracks)/The Witcher 3_ Wild Hunt - Fyke Isle Theme Extended - Unofficial Soundtrack.flac
Sep 14 20:52 : update: added The Witcher 3 Wild Hunt OST (Unreleased + Unofficial)/Witcher 3 Wild Hunt (Unofficial Tracks)/The Witcher 3_ Wild Hunt Soundtrack - Back on the Path (Gwent _ Tavern).flac
Sep 14 20:52 : update: added The Witcher 3 Wild Hunt OST (Unreleased + Unofficial)/Witcher 3 Wild Hunt (Unofficial Tracks)/The Witcher 3 Skellige Isle Ambient Music 2.flac
Sep 14 20:52 : update: added The Witcher 3 Wild Hunt OST (Unreleased + Unofficial)/Witcher 3 Wild Hunt (Unofficial Tracks)/The Witcher 3 Skellige Isle Ambient Music 1.flac
Sep 14 20:52 : update: added The Witcher 3 Wild Hunt OST (Unreleased + Unofficial)/Witcher 3 Wild Hunt (Unofficial Tracks)/The Witcher 3_ Wild Hunt - Skellige Nature Theme 1 Extended - Unofficial Soundtrack.flac
Sep 14 20:52 : update: added The Witcher 3 Wild Hunt OST (Unreleased + Unofficial)/Witcher 3 Wild Hunt (Unofficial Tracks)/The Witcher 3_ Wild Hunt - 'The Last Wish' Djinn Combat Extended - Unofficial Soundtrack.flac
Sep 14 20:52 : update: added The Witcher 3 Wild Hunt OST (Unreleased + Unofficial)/Witcher 3 Wild Hunt (Unofficial Tracks)/The Witcher 3_ Wild Hunt - Lullaby of Woe (special single).flac
Sep 14 20:52 : update: added The Witcher 3 Wild Hunt OST (Unreleased + Unofficial)/Witcher 3 Wild Hunt (Unofficial Tracks)/The Witcher 3 Soundtrack_ The Sunstone Aen Seidhe.flac
Sep 14 20:52 : update: added The Witcher 3 Wild Hunt OST (Unreleased + Unofficial)/Witcher 3 Wild Hunt (Unofficial Tracks)/The Witcher 3_ Wild Hunt - Whoreson Theme Extended - Unofficial Soundtrack.flac
Sep 14 20:52 : update: added The Witcher 3 Wild Hunt OST (Unreleased + Unofficial)/Witcher 3 Wild Hunt (Unofficial Tracks)/The Witcher 3 Wild Hunt - Killing Monsters Soundtrack.flac
Sep 14 20:52 : update: added The Witcher 3 Wild Hunt OST (Unreleased + Unofficial)/Witcher 3 Wild Hunt (Unofficial Tracks)/The Witcher 3_ Wild Hunt - Novigrad City Theme 1 Extended - Unofficial Soundtrack.flac
Sep 14 20:52 : update: added The Witcher 3 Wild Hunt OST (Unreleased + Unofficial)/Witcher 3 Wild Hunt (Unofficial Tracks)/The Witcher 3_ Wild Hunt - Yennefer 'The Last Wish' Romance Theme Extended - Unofficial Soundtrack.flac
Sep 14 20:52 : update: added The Witcher 3 Wild Hunt OST (Unreleased + Unofficial)/Witcher 3 Wild Hunt (Unofficial Tracks)/The Witcher 3_ Wild Hunt - Crow's Perch Theme - Unofficial Soundtrack.flac
Sep 14 20:52 : update: added The Witcher 3 Wild Hunt OST (Unreleased + Unofficial)/Witcher 3 Wild Hunt (Unofficial Tracks)/The Witcher 3 - Tavern Music (Extended).flac
Sep 14 20:52 : update: added The Witcher 3 Wild Hunt OST (Unreleased + Unofficial)/Witcher 3 Wild Hunt (Unofficial Tracks)/The Witcher 3_ Wild Hunt - 'Whispers of Oxenfurt' Instrumental Extended - Unofficial Soundtrack.flac
Sep 14 20:52 : update: added The Witcher 3 Wild Hunt OST (Unreleased + Unofficial)/Witcher 3 Wild Hunt (Unofficial Tracks)/The Witcher 3_ Wild Hunt - Yennefer 'The Last Wish' Theme Extended - Unofficial Soundtrack.flac
Sep 14 20:52 : update: added The Witcher 3 Wild Hunt OST (Unreleased + Unofficial)/Witcher 3 Wild Hunt (Unofficial Tracks)/The Witcher 3_ Wild Hunt - Sewers_Bathhouse Combat Theme Extended - Unofficial Soundtrack.flac
Sep 14 20:52 : update: added The Witcher 3 Wild Hunt OST (Unreleased + Unofficial)/Witcher 3 Wild Hunt (Unofficial Tracks)/The Witcher 3_ Wild Hunt - Sad Ambience_Slums Extended - Unofficial Soundtrack.flac
Sep 14 20:52 : update: added The Witcher 3 Wild Hunt OST (Unreleased + Unofficial)/Witcher 3 Wild Hunt (Unofficial Tracks)/The Witcher 3_ Wild Hunt - Monster's Lair Ambience Extended - Unofficial Soundtrack.flac
Sep 14 20:52 : update: added The Witcher 3 Wild Hunt OST (Unreleased + Unofficial)/Witcher 3 Wild Hunt (Unofficial Tracks)/OST The Witcher 3 - Silver for Monsters.flac
Sep 14 20:52 : update: added The Witcher 3 Wild Hunt OST (Unreleased + Unofficial)/Witcher 3 Wild Hunt (Unofficial Tracks)/The Witcher 3_ Wild Hunt - Freya's Garden Theme Extended - Unofficial Soundtrack.flac
Sep 14 20:52 : update: added The Witcher 3 Wild Hunt OST (Unreleased + Unofficial)/Witcher 3 Wild Hunt (Unofficial Tracks)/The Witcher 3 - Bard Song - Tavern Song - The Wolven Storm (Full Lyrics).flac
Sep 14 20:52 : update: added The Witcher 3 Wild Hunt OST (Unreleased + Unofficial)/Witcher 3 Wild Hunt (Unofficial Tracks)/The Witcher 3_ Wild Hunt - Novigrad City Theme 2 Extended - Unofficial Soundtrack.flac
Sep 14 20:52 : update: added The Witcher 3 Wild Hunt OST (Unreleased + Unofficial)/Witcher 3 Wild Hunt (Unofficial Tracks)/The Witcher 3_ Wild Hunt - 'Words on Wind' Skellige Nature Theme 2 Extended - Unofficial Soundtrack.flac
Sep 14 20:52 : update: added The Witcher 3 Wild Hunt OST (Unreleased + Unofficial)/Witcher 3 Wild Hunt (Unofficial Tracks)/The Witcher 3_ Wild Hunt - Sewers Ambience Theme Extended - Unofficial Soundtrack.flac
Sep 14 20:52 : update: added Trance/Armin van Buuren_A State of Trance 500.3_01858021.mp3
Sep 14 20:52 : update: added Trance/John O'Callaghan_A State of Trance 500.3_01858028.mp3
Sep 14 20:52 : update: added Trance/04 Markus Schulz_A State Of Trance 500 (Buenos Aires, Argentina)_01858020.mp3
Sep 14 20:52 : update: added Trance/armin van buuren_armin van buuren - a state of trance - 541_01857943.mp3
Sep 14 20:52 : update: added Trance/02 Jochen Miller_A State Of Trance 500 (Buenos Aires, Argentina)_01857990.mp3
Sep 14 20:52 : update: added Trance/01 Heatbeat_A State Of Trance 500 (Buenos Aires, Argentina)_01857979.mp3
Sep 14 20:52 : update: added Trance/03 Dash Berlin_A State Of Trance 500 (Buenos Aires, Argentina)_01857991.mp3
Sep 14 20:52 : update: added Trance/W&W_A State of Trance 500 - Buenos Aires, Argentina (2011-04-02)_01858036.mp3
Sep 14 20:52 : update: added the_witcher_soundtrack_mp3/07 Elaine Ettariel.mp3
Sep 14 20:52 : update: added the_witcher_soundtrack_mp3/22 Catch Me If You Can.mp3
Sep 14 20:52 : update: added the_witcher_soundtrack_mp3/28 Silver Sword.mp3
Sep 14 20:52 : update: added the_witcher_soundtrack_mp3/17 The Grand Master Revealed.mp3
Sep 14 20:52 : update: added the_witcher_soundtrack_mp3/04 Mighty.mp3
Sep 14 20:52 : update: added the_witcher_soundtrack_mp3/16 Night Approaches.mp3
Sep 14 20:52 : update: added the_witcher_soundtrack_mp3/03 River of Life.mp3
Sep 14 20:52 : update: added the_witcher_soundtrack_mp3/27 Leo's Farewell.mp3
Sep 14 20:52 : update: added the_witcher_soundtrack_mp3/13 An Ominous Place.mp3
Sep 14 20:52 : update: added the_witcher_soundtrack_mp3/06 Last Battle.mp3
Sep 14 20:52 : update: added the_witcher_soundtrack_mp3/12 Peaceful Moments.mp3
Sep 14 20:52 : update: added the_witcher_soundtrack_mp3/21 The Lesser of Two Evils.mp3
Sep 14 20:52 : update: added the_witcher_soundtrack_mp3/29 Kingdom & Betrayal.mp3
Sep 14 20:52 : update: added the_witcher_soundtrack_mp3/25 Twilight.mp3
Sep 14 20:52 : update: added the_witcher_soundtrack_mp3/26 A Master of Conscience.mp3
Sep 14 20:52 : update: added the_witcher_soundtrack_mp3/23 Tavern at the End of World.mp3
Sep 14 20:52 : update: added the_witcher_soundtrack_mp3/20 Do You Remember.mp3
Sep 14 20:52 : update: added the_witcher_soundtrack_mp3/05 Dead City.mp3
Sep 14 20:52 : update: added the_witcher_soundtrack_mp3/02 A Wolf's Demise.mp3
Sep 14 20:52 : update: added the_witcher_soundtrack_mp3/14 Temerian Castle Theme.mp3
Sep 14 20:52 : update: added the_witcher_soundtrack_mp3/09 The Princess Striga.mp3
Sep 14 20:52 : update: added the_witcher_soundtrack_mp3/11 Evening in the Tavern.mp3
Sep 14 20:52 : update: added the_witcher_soundtrack_mp3/10 Returning to the Fortress.mp3
Sep 14 20:52 : update: added the_witcher_soundtrack_mp3/24 The Dike.mp3
Sep 14 20:52 : update: added the_witcher_soundtrack_mp3/08 To Arms (Rebellion).mp3
Sep 14 20:52 : update: added the_witcher_soundtrack_mp3/01 Dusk of a Northern Kingdom.mp3
Sep 14 20:52 : update: added the_witcher_soundtrack_mp3/15 The Order.mp3
Sep 14 20:52 : update: added the_witcher_soundtrack_mp3/18 Withered Roses.mp3
Sep 14 20:52 : update: added the_witcher_soundtrack_mp3/19 Prepare for Battle!.mp3
Sep 14 20:52 : update: added Evanescense/Evanescence_Swimming Home_01878491.mp3
Sep 14 20:52 : update: added Evanescense/Evanescence_Going Under_01911747.mp3
Sep 14 20:52 : update: added Evanescense/Evanescence_Made of Stone_01878332.mp3
Sep 14 20:52 : update: added Evanescense/Evanescence_Lost in Paradise_01878383.mp3
Sep 14 20:52 : update: added Evanescense/Evanescence_What You Want_01878331.mp3
Sep 14 20:52 : update: added Evanescense/Evanescence_The Change_01878333.mp3
Sep 14 20:52 : update: added Evanescense/Evanescence_Erase This_01878382.mp3
Sep 14 20:52 : update: added Evanescense/Evanescence_My Heart is Broken_01878380.mp3
Sep 14 20:52 : update: added Evanescense/Evanescence_Never Go Back_01878490.mp3
Sep 14 20:52 : update: added Evanescense/Evanescence_Sick_01911670.mp3
Sep 14 20:52 : update: added Evanescense/Evanescence_The Other Side_01878381.mp3
Sep 14 20:52 : update: added Evanescense/Evanescence_Oceans_01878489.mp3
Sep 14 20:52 : update: added Evanescense/05_Evanescence_Where will you go_01911671.mp3
Sep 14 20:52 : update: added Evanescense/Evanescence_End of the Dream_01878488.mp3
Sep 14 20:52 : update: added ABBA/ABBA_The Winner Takes It All_01854963.mp3
Sep 14 20:52 : update: added ABBA/ABBA_Mamma Mia_01855027.mp3
Sep 14 20:52 : update: added ABBA/ABBA_Another Town, Another Train_01854994.mp3
Sep 14 20:52 : update: added ABBA/ABBA_I Am Just A Girl_01908268.mp3
Sep 14 20:52 : update: added ABBA/ABBA_People Need Love_01855004.mp3
Sep 14 20:52 : update: added ABBA/ABBA_Mamma Mia_01854987.mp3
Sep 14 20:52 : update: added ABBA/ABBA_I Wonder (Departure)_01854973.mp3
Sep 14 20:52 : update: added ABBA/ABBA_Waterloo_01855002.mp3
Sep 14 20:52 : update: added ABBA/ABBA_Dancing Queen_01855023.mp3
Sep 14 20:52 : update: added ABBA/ABBA_My Love, My Life_01854981.mp3
Sep 14 20:52 : update: added ABBA/ABBA_I Am Just A Girl_01854996.mp3
Sep 14 20:52 : update: added ABBA/ABBA_One Man, One Woman_01854971.mp3
Sep 14 20:52 : update: added ABBA/ABBA_Take A Chance On Me_01854979.mp3
Sep 14 20:52 : update: added ABBA/ABBA_Move On_01854965.mp3
Sep 14 20:52 : update: added ABBA/ABBA_I Have A Dream_01854967.mp3
Sep 14 20:52 : update: added ABBA/ABBA_I Have A Dream_01855018.mp3
Sep 14 20:52 : update: added ABBA/ABBA_Sos_01855019.mp3
Sep 14 20:52 : update: added ABBA/ABBA_Sos_01854990.mp3
Sep 14 20:52 : update: added ABBA/ABBA_I Do, I Do, I Do, I Do, I Do_01854992.mp3
Sep 14 20:52 : update: added ABBA/ABBA_Super Trouper_01854977.mp3
Sep 14 20:52 : update: added ABBA/ABBA_Honey, Honey_01908269.mp3
Sep 14 20:52 : update: added ABBA/ABBA_Super Trouper_01855025.mp3
Sep 14 20:52 : update: added ABBA/ABBA_Dancing Queen_01854983.mp3
Sep 14 20:52 : update: added ABBA/ABBA_One Man, One Woman_01855028.mp3
Sep 14 20:52 : update: added ABBA/ABBA_My Love, My Life_01855024.mp3
Sep 14 20:52 : update: added ABBA/ABBA_Move On_01855013.mp3
Sep 14 20:52 : update: added ABBA/ABBA_Head Over Heels_01854985.mp3
Sep 14 20:52 : update: added ABBA/ABBA_Honey, Honey_01854998.mp3
Sep 14 20:52 : update: added ABBA/ABBA_Angeleyes_01854975.mp3
Sep 14 20:52 : update: added ABBA/ABBA_Waterloo_01908260.mp3
Sep 14 20:52 : update: added ABBA/ABBA_The Winner Takes It All_01855026.mp3
Sep 14 20:52 : update: added ABBA/ABBA_I Do, I Do, I Do, I Do, I Do_01908259.mp3
Sep 14 20:52 : update: added ABBA/ABBA_Andante, Andante_01854969.mp3
Sep 14 20:52 : update: added ABBA/ABBA_Angeleyes_01855055.mp3
Sep 14 20:52 : update: added ABBA/ABBA_Take A Chance On Me_01855020.mp3
Sep 14 20:52 : update: added the_witcher_music_inspired_by_the_game_flac/06-Hallowed Be Thy Name.flac
Sep 14 20:52 : update: added the_witcher_music_inspired_by_the_game_flac/02-Born Again.flac
Sep 14 20:52 : update: added the_witcher_music_inspired_by_the_game_flac/11-Sentinels of Brokilon.flac
Sep 14 20:52 : update: added the_witcher_music_inspired_by_the_game_flac/15-Trial of Herbs.flac
Sep 14 20:52 : update: added the_witcher_music_inspired_by_the_game_flac/12-The Witcher Theme.flac
Sep 14 20:52 : update: added the_witcher_music_inspired_by_the_game_flac/05-Tarot Lady.flac
Sep 14 20:52 : update: added the_witcher_music_inspired_by_the_game_flac/13-Running Away.flac
Sep 14 20:52 : update: added the_witcher_music_inspired_by_the_game_flac/01-Tales of the Witcher.flac
Sep 14 20:52 : update: added the_witcher_music_inspired_by_the_game_flac/08-Skellige.flac
Sep 14 20:52 : update: added the_witcher_music_inspired_by_the_game_flac/04-Sword of the Witcher.flac
Sep 14 20:52 : update: added the_witcher_music_inspired_by_the_game_flac/07-Sapphire Waters.flac
Sep 14 20:52 : update: added the_witcher_music_inspired_by_the_game_flac/03-Throw the Stone.flac
Sep 14 20:52 : update: added the_witcher_music_inspired_by_the_game_flac/10-Bring to the Boil.flac
Sep 14 20:52 : update: added the_witcher_music_inspired_by_the_game_flac/14-They Want to Suck.flac
Sep 14 20:52 : update: added the_witcher_music_inspired_by_the_game_flac/09-Sou - Au.flac
Sep 14 20:52 : update: added ME OST/Jack Wall and Sam Hulick_The Alien Queen_01913581.mp3
Sep 14 20:52 : update: added ME OST/Jack Wall and Sam Hulick_Form the Wreckage_01913811.mp3
Sep 14 20:52 : update: added ME OST/Jack Wall and Sam Hulick_Final Assault_01913810.mp3
Sep 14 20:52 : update: added ME OST/Jack Wall and Sam Hulick_Saren's Base_01913647.mp3
Sep 14 20:52 : update: added ME OST/Jack Wall and Sam Hulick_Liara's World_01913800.mp3
Sep 14 20:52 : update: added ME OST/Jack Wall and Sam Hulick_Infusion_01913809.mp3
Sep 14 20:52 : update: added ME OST/Jack Wall and Sam Hulick_Saren_01913794.mp3
Sep 14 20:52 : update: added ME OST/Jack Wall and Sam Hulick_The Thorian_01913579.mp3
Sep 14 20:52 : update: added ME OST/Jack Wall_A Rude Awakening_01913163.mp3
Sep 14 20:52 : update: added ME OST/Jack Wall_Tali_01882800.mp3
Sep 14 20:52 : update: added ME OST/Jack Wall and Sam Hulick_The Normandy_01912035.mp3
Sep 14 20:52 : update: added ME OST/Jack Wall and Sam Hulick_Mass Effect Theme_01913792.mp3
Sep 14 20:52 : update: added ME OST/Jack Wall_The End Run_01913379.mp3
Sep 14 20:52 : update: added ME OST/Aralakh Company_01913404.mp3
Sep 14 20:52 : update: added ME OST/Jack Wall_Jacob_01881780.mp3
Sep 14 20:52 : update: added ME OST/Jack Wall and Sam Hulick_Uncharted Worlds_01912299.mp3
Sep 14 20:52 : update: added ME OST/Jack Wall and Sam Hulick_Breeding Ground_01913648.mp3
Sep 14 20:52 : update: added ME OST/Jack Wall and Sam Hulick_Eden Prime_01913207.mp3
Sep 14 20:52 : update: added ME OST/A Future for the Krogan_01913398.mp3
Sep 14 20:52 : update: added ME OST/Jack Wall_Legion_01883158.mp3
Sep 14 20:52 : update: added ME OST/Jack Wall and Sam Hulick_The Wards_01913797.mp3
Sep 14 20:52 : update: added ME OST/Jack Wall_Miranda_01881487.mp3
Sep 14 20:52 : update: added ME OST/Jack Wall and Sam Hulick_Love Theme_01913803.mp3
Sep 14 20:52 : update: added ME OST/Jack Wall_The Lazarus Project_01912670.mp3
Sep 14 20:52 : update: added ME OST/Jack Wall and Sam Hulick_Spectre Induction_01913799.mp3
Sep 14 20:52 : update: added ME OST/A Cerberus Agent_01913397.mp3
Sep 14 20:52 : update: added ME OST/Jack Wall and Sam Hulick_Exit_01913802.mp3
Sep 14 20:52 : update: added ME OST/Jack Wall and Sam Hulick_Vigil_01913805.mp3
Sep 14 20:52 : update: added ME OST/Jack Wall and Sam Hulick_The End (Reprise)_01913098.mp3
Sep 14 20:52 : update: added ME OST/Jack Wall_The Illusive Man_01913202.mp3
Sep 14 20:52 : update: added ME OST/Jack Wall_New Worlds_01913380.mp3
Sep 14 20:52 : update: added ME OST/Jack Wall_Freedom's Progress_01882074.mp3
Sep 14 20:52 : update: added ME OST/Jack Wall and Sam Hulick_The Secret Labs_01913645.mp3
Sep 14 20:52 : update: added ME OST/Jack Wall and Sam Hulick_Noveria_01913580.mp3
Sep 14 20:52 : update: added ME OST/Jack Wall_Suicide Mission_01883163.mp3
Sep 14 20:52 : update: added ME OST/Jack Wall_The Normandy Attacked_01883032.mp3
Sep 14 20:52 : update: added ME OST/Jack Wall and Sam Hulick_Sovereign's Theme_01913388.mp3
Sep 14 20:52 : update: added ME OST/Jack Wall_Grunt_01882543.mp3
Sep 14 20:52 : update: added ME OST/Jack Wall and Sam Hulick_Uplink_01913806.mp3
Sep 14 20:52 : update: added ME OST/Jack Wall and Sam Hulick_Feros_01913577.mp3
Sep 14 20:52 : update: added ME OST/Jack Wall and Sam Hulick_Criminal Elements_01913798.mp3
Sep 14 20:52 : update: added ME OST/Jack Wall_The Collector Base_01883162.mp3
Sep 14 20:52 : update: added ME OST/Jack Wall and Sam Hulick_The Citadel_01913795.mp3
Sep 14 20:52 : update: added ME OST/Jack Wall and Sam Hulick_Protecting the Colony_01913578.mp3
Sep 14 20:52 : update: added ME OST/Jack Wall_Jump Drive_01913378.mp3
Sep 14 20:52 : update: added ME OST/Jack Wall and Sam Hulick_Victory_01911687.mp3
Sep 14 20:52 : update: added ME OST/Jack Wall and Sam Hulick_Battle at Eden Prime_01913793.mp3
Sep 14 20:52 : update: added ME OST/Jack Wall_Garrus_01882240.mp3
Sep 14 20:52 : update: added ME OST/Jack Wall and Sam Hulick_In Persuit of Saren_01913808.mp3
Sep 14 20:52 : update: added ME OST/Jack Wall and Sam Hulick_Virmire Ride_01913649.mp3
Sep 14 20:52 : update: added ME OST/Jack Wall_Jack_01883157.mp3
Sep 14 20:52 : update: added ME OST/Jack Wall_An Unknown Enemy_01913205.mp3
Sep 14 20:52 : update: added ME OST/Jack Wall and Sam Hulick_Fatal Confrontation_01912671.mp3
Sep 14 20:52 : update: added ME OST/Jack Wall and Sam Hulick_Battling Saren_01913807.mp3
Sep 14 20:52 : update: added ME OST/Jack Wall and Sam Hulick_The Presidium_01913796.mp3
Sep 14 20:52 : update: added ME OST/Jack Wall_The Attack_01880914.mp3
Sep 14 20:52 : update: added ME OST/Jack Wall and Sam Hulick_A Very Dangerous Place_01913801.mp3
Sep 14 20:52 : update: added ME OST/Jack Wall_Samara_01882542.mp3
Sep 14 20:52 : update: added ME OST/Jack Wall_Reflections_01913097.mp3
Sep 14 20:52 : update: added ME OST/Jack Wall_Thane_01882075.mp3
Sep 14 20:52 : update: added ME OST/Jack Wall_Mordin_01882868.mp3
Sep 14 20:52 : update: added ME OST/Jack Wall_Humans Are Disappearing_01913203.mp3
Sep 14 20:52 : update: added ME OST/Jack Wall_Crash Landing_01883159.mp3
Sep 14 20:52 : update: added ME OST/Jack Wall_The Normandy Reborn_01913204.mp3
Sep 14 20:52 : update: added ME OST/Jack Wall_Horizon_01913377.mp3
Sep 14 20:52 : update: added ME OST/Jack Wall and Sam Hulick_Ilos_01913804.mp3
Sep 14 20:52 : update: added Alborada Del Inka/Alborada Del Inka - Only Instrumental (2001)/11 Alborada Del Inka - Noche.mp3
Sep 14 20:52 : update: added Alborada Del Inka/Alborada Del Inka - Only Instrumental (2001)/15 Alborada Del Inka - Procession.mp3
Sep 14 20:52 : update: added Alborada Del Inka/Alborada Del Inka - Only Instrumental (2001)/14 Alborada Del Inka - Chulpara.mp3
Sep 14 20:52 : update: added Alborada Del Inka/Alborada Del Inka - Only Instrumental (2001)/01 Alborada Del Inka - La Cumbre.mp3
Sep 14 20:52 : update: added Alborada Del Inka/Alborada Del Inka - Only Instrumental (2001)/09 Alborada Del Inka - Condor canqui.mp3
Sep 14 20:52 : update: added Alborada Del Inka/Alborada Del Inka - Only Instrumental (2001)/17 Alborada Del Inka - Expedision uru.mp3
Sep 14 20:52 : update: added Alborada Del Inka/Alborada Del Inka - Only Instrumental (2001)/12 Alborada Del Inka - Rebelde.mp3
Sep 14 20:52 : update: added Alborada Del Inka/Alborada Del Inka - Only Instrumental (2001)/02 Alborada Del Inka - Titicaca.mp3
Sep 14 20:52 : update: added Alborada Del Inka/Alborada Del Inka - Only Instrumental (2001)/03 Alborada Del Inka - Rebelion de los condores.mp3
Sep 14 20:52 : update: added Alborada Del Inka/Alborada Del Inka - Only Instrumental (2001)/16 Alborada Del Inka - Elay pue.mp3
Sep 14 20:52 : update: added Alborada Del Inka/Alborada Del Inka - Only Instrumental (2001)/10 Alborada Del Inka - Flautista del Ande.mp3
Sep 14 20:52 : update: added Alborada Del Inka/Alborada Del Inka - Only Instrumental (2001)/06 Alborada Del Inka - Aguas claras.mp3
Sep 14 20:52 : update: added Alborada Del Inka/Alborada Del Inka - Only Instrumental (2001)/13 Alborada Del Inka - Trilla.mp3
Sep 14 20:52 : update: added Alborada Del Inka/Alborada Del Inka - Only Instrumental (2001)/18 Alborada Del Inka - Yuri.mp3
Sep 14 20:52 : update: added Alborada Del Inka/Alborada Del Inka - Only Instrumental (2001)/05 Alborada Del Inka - El condor pasa.mp3
Sep 14 20:52 : update: added Alborada Del Inka/Alborada Del Inka - Only Instrumental (2001)/04 Alborada Del Inka - La pampa u la luna.mp3
Sep 14 20:52 : update: added Alborada Del Inka/Alborada Del Inka - Only Instrumental (2001)/07 Alborada Del Inka - Llanto de una paloma.mp3
Sep 14 20:52 : update: added Alborada Del Inka/Alborada Del Inka - Only Instrumental (2001)/08 Alborada Del Inka - Valle del alto.mp3
Sep 14 20:52 : update: added Alborada Del Inka/Alborada Del Inka - Alborada Del Inka 2 (2007)/13 - Alborada Del Inka. Condor pawan.mp3
Sep 14 20:52 : update: added Alborada Del Inka/Alborada Del Inka - Alborada Del Inka 2 (2007)/06 - Alborada Del Inka. LLakipakuy.mp3
Sep 14 20:52 : update: added Alborada Del Inka/Alborada Del Inka - Alborada Del Inka 2 (2007)/12 - Alborada Del Inka. Tupac Amaru.mp3
Sep 14 20:52 : update: added Alborada Del Inka/Alborada Del Inka - Alborada Del Inka 2 (2007)/07 - Alborada Del Inka. Ly olay ale loya.mp3
Sep 14 20:52 : update: added Alborada Del Inka/Alborada Del Inka - Alborada Del Inka 2 (2007)/08 - Alborada Del Inka. Puka urku.mp3
Sep 14 20:52 : update: added Alborada Del Inka/Alborada Del Inka - Alborada Del Inka 2 (2007)/04 - Alborada Del Inka. Ananau.mp3
Sep 14 20:52 : update: added Alborada Del Inka/Alborada Del Inka - Alborada Del Inka 2 (2007)/03 - Alborada Del Inka. Qarwa Yacu.mp3
Sep 14 20:52 : update: added Alborada Del Inka/Alborada Del Inka - Alborada Del Inka 2 (2007)/09 - Alborada Del Inka. Relampago.mp3
Sep 14 20:52 : update: added Alborada Del Inka/Alborada Del Inka - Alborada Del Inka 2 (2007)/11 - Alborada Del Inka. Tatanka.mp3
Sep 14 20:52 : update: added Alborada Del Inka/Alborada Del Inka - Alborada Del Inka 2 (2007)/02 - Alborada Del Inka. Chirapaq.mp3
Sep 14 20:52 : update: added Alborada Del Inka/Alborada Del Inka - Alborada Del Inka 2 (2007)/01 - Alborada Del Inka. Five Spirits.mp3
Sep 14 20:52 : update: added Alborada Del Inka/Alborada Del Inka - Alborada Del Inka 2 (2007)/05 - Alborada Del Inka. Qapad nan.mp3
Sep 14 20:52 : update: added Alborada Del Inka/Alborada Del Inka - Alborada Del Inka 2 (2007)/10 - Alborada Del Inka. Toro Ara.mp3
Sep 14 20:52 : update: added Alborada Del Inka/Alborada Del Inka - Wiracocha (2003)/09 Alborada Del Inka - Llaki runa.mp3
Sep 14 20:52 : update: added Alborada Del Inka/Alborada Del Inka - Wiracocha (2003)/13 Alborada Del Inka - Coral.mp3
Sep 14 20:52 : update: added Alborada Del Inka/Alborada Del Inka - Wiracocha (2003)/05 Alborada Del Inka - Trilla.mp3
Sep 14 20:52 : update: added Alborada Del Inka/Alborada Del Inka - Wiracocha (2003)/03 Alborada Del Inka - La oracion del mitayo.mp3
Sep 14 20:52 : update: added Alborada Del Inka/Alborada Del Inka - Wiracocha (2003)/02 Alborada Del Inka - El canto de alondra.mp3
Sep 14 20:52 : update: added Alborada Del Inka/Alborada Del Inka - Wiracocha (2003)/12 Alborada Del Inka - Alta paz.mp3
Sep 14 20:52 : update: added Alborada Del Inka/Alborada Del Inka - Wiracocha (2003)/15 Alborada Del Inka - Suenos del inka.mp3
Sep 14 20:52 : update: added Alborada Del Inka/Alborada Del Inka - Wiracocha (2003)/04 Alborada Del Inka - My Heart Will Go On.mp3
Sep 14 20:52 : update: added Alborada Del Inka/Alborada Del Inka - Wiracocha (2003)/07 Alborada Del Inka - Camino de llamas.mp3
Sep 14 20:52 : update: added Alborada Del Inka/Alborada Del Inka - Wiracocha (2003)/11 Alborada Del Inka - Como paloma.mp3
Sep 14 20:52 : update: added Alborada Del Inka/Alborada Del Inka - Wiracocha (2003)/06 Alborada Del Inka - Ablucion.mp3
Sep 14 20:52 : update: added Alborada Del Inka/Alborada Del Inka - Wiracocha (2003)/14 Alborada Del Inka - Paso del aguila.mp3
Sep 14 20:52 : update: added Alborada Del Inka/Alborada Del Inka - Wiracocha (2003)/10 Alborada Del Inka - Pastor solitario (James Last).mp3
Sep 14 20:52 : update: added Alborada Del Inka/Alborada Del Inka - Wiracocha (2003)/01 Alborada Del Inka - Blue Sky.mp3
Sep 14 20:52 : update: added Alborada Del Inka/Alborada Del Inka - Wiracocha (2003)/08 Alborada Del Inka - Valle del alto.mp3
Sep 14 20:52 : update: added Alborada Del Inka/Alborada Del Inka - Casa de los Espiritus (2010)/13 Alborada Del Inka - Viaje a las estrellas.mp3
Sep 14 20:52 : update: added Alborada Del Inka/Alborada Del Inka - Casa de los Espiritus (2010)/11 Alborada Del Inka - Legacy (D.R.).mp3
Sep 14 20:52 : update: added Alborada Del Inka/Alborada Del Inka - Casa de los Espiritus (2010)/03 Alborada Del Inka - Espiritu blanco.mp3
Sep 14 20:52 : update: added Alborada Del Inka/Alborada Del Inka - Casa de los Espiritus (2010)/10 Alborada Del Inka - Atrapasuenos (D.R.).mp3
Sep 14 20:52 : update: added Alborada Del Inka/Alborada Del Inka - Casa de los Espiritus (2010)/04 Alborada Del Inka - Ecos del tiempo.mp3
Sep 14 20:52 : update: added Alborada Del Inka/Alborada Del Inka - Casa de los Espiritus (2010)/02 Alborada Del Inka - Circulo de la Amistad.mp3
Sep 14 20:52 : update: added Alborada Del Inka/Alborada Del Inka - Casa de los Espiritus (2010)/08 Alborada Del Inka - Danza de mascaras.mp3
Sep 14 20:52 : update: added Alborada Del Inka/Alborada Del Inka - Casa de los Espiritus (2010)/09 Alborada Del Inka - Amor a la Tierra.mp3
Sep 14 20:52 : update: added Alborada Del Inka/Alborada Del Inka - Casa de los Espiritus (2010)/06 Alborada Del Inka - Alba.mp3
Sep 14 20:52 : update: added Alborada Del Inka/Alborada Del Inka - Casa de los Espiritus (2010)/07 Alborada Del Inka - Ecos de los canones.mp3
Sep 14 20:52 : update: added Alborada Del Inka/Alborada Del Inka - Casa de los Espiritus (2010)/12 Alborada Del Inka - Grito del Chaman.mp3
Sep 14 20:52 : update: added Alborada Del Inka/Alborada Del Inka - Casa de los Espiritus (2010)/14 Alborada Del Inka - Song of the sun (Mike Oldfield).mp3
Sep 14 20:52 : update: added Alborada Del Inka/Alborada Del Inka - Casa de los Espiritus (2010)/01 Alborada Del Inka - Casa de los espiritus (D.R.).mp3
Sep 14 20:52 : update: added Alborada Del Inka/Alborada Del Inka - Casa de los Espiritus (2010)/05 Alborada Del Inka - Vientos suaves.mp3
Sep 14 20:52 : update: added Alborada Del Inka/Musica de los Andes - MP3 collection 2CD (2008)/56 Alborada Del Inka - Ulices.mp3
Sep 14 20:52 : update: added Alborada Del Inka/Musica de los Andes - MP3 collection 2CD (2008)/67 Alborada Del Inka - Ukamampi munataja.mp3
Sep 14 20:52 : update: added Alborada Del Inka/Musica de los Andes - MP3 collection 2CD (2008)/64 Alborada Del Inka - Trilla.mp3
Sep 14 20:52 : update: added Alborada Del Inka/Musica de los Andes - MP3 collection 2CD (2008)/59 Alborada Del Inka - Viento.mp3
Sep 14 20:52 : update: added Alborada Del Inka/Musica de los Andes - MP3 collection 2CD (2008)/35 Alborada Del Inka - Destino sin final.mp3
Sep 14 20:52 : update: added Alborada Del Inka/Musica de los Andes - MP3 collection 2CD (2008)/90 Alborada Del Inka - Un dia tranquilo.mp3
Sep 14 20:52 : update: added Alborada Del Inka/Musica de los Andes - MP3 collection 2CD (2008)/41 Alborada Del Inka - Lagrimas.mp3
Sep 14 20:52 : update: added Alborada Del Inka/Musica de los Andes - MP3 collection 2CD (2008)/15 Alborada Del Inka - Allpamayu.mp3
Sep 14 20:52 : update: added Alborada Del Inka/Musica de los Andes - MP3 collection 2CD (2008)/70 Alborada Del Inka - Atacamenos.mp3
Sep 14 20:52 : update: added Alborada Del Inka/Musica de los Andes - MP3 collection 2CD (2008)/79 Alborada Del Inka - La partida.mp3
Sep 14 20:52 : update: added Alborada Del Inka/Musica de los Andes - MP3 collection 2CD (2008)/24 Alborada Del Inka - Cuidado wawa.mp3
Sep 14 20:52 : update: added Alborada Del Inka/Musica de los Andes - MP3 collection 2CD (2008)/03 Alborada Del Inka - Yamor.mp3
Sep 14 20:52 : update: added Alborada Del Inka/Musica de los Andes - MP3 collection 2CD (2008)/52 Alborada Del Inka - Solo le pido a Dios.mp3
Sep 14 20:52 : update: added Alborada Del Inka/Musica de los Andes - MP3 collection 2CD (2008)/99 Alborada Del Inka - Shipibo.mp3
Sep 14 20:52 : update: added Alborada Del Inka/Musica de los Andes - MP3 collection 2CD (2008)/85 Alborada Del Inka - Que viva la fiesta.mp3
Sep 14 20:52 : update: added Alborada Del Inka/Musica de los Andes - MP3 collection 2CD (2008)/100 Alborada Del Inka - Danza de los diablitos.mp3
Sep 14 20:52 : update: added Alborada Del Inka/Musica de los Andes - MP3 collection 2CD (2008)/33 Alborada Del Inka - Carnaval experimental.mp3
Sep 14 20:52 : update: added Alborada Del Inka/Musica de los Andes - MP3 collection 2CD (2008)/71 Alborada Del Inka - Bailando en Izluga.mp3
Sep 14 20:52 : update: added Alborada Del Inka/Musica de los Andes - MP3 collection 2CD (2008)/47 Alborada Del Inka - Norma Ilucion.mp3
Sep 14 20:52 : update: added Alborada Del Inka/Musica de los Andes - MP3 collection 2CD (2008)/57 Alborada Del Inka - Vasija de barro.mp3
Sep 14 20:52 : update: added Alborada Del Inka/Musica de los Andes - MP3 collection 2CD (2008)/76 Alborada Del Inka - Encuentros.mp3
Sep 14 20:52 : update: added Alborada Del Inka/Musica de los Andes - MP3 collection 2CD (2008)/80 Alborada Del Inka - Lejanias.mp3
Sep 14 20:52 : update: added Alborada Del Inka/Musica de los Andes - MP3 collection 2CD (2008)/97 Alborada Del Inka - San Juacun.mp3
Sep 14 20:52 : update: added Alborada Del Inka/Musica de los Andes - MP3 collection 2CD (2008)/31 Alborada Del Inka - Condor pasa (I).mp3
Sep 14 20:52 : update: added Alborada Del Inka/Musica de los Andes - MP3 collection 2CD (2008)/92 Alborada Del Inka - An angel.mp3
Sep 14 20:52 : update: added Alborada Del Inka/Musica de los Andes - MP3 collection 2CD (2008)/86 Alborada Del Inka - Sonido del silencio.mp3
Sep 14 20:52 : update: added Alborada Del Inka/Musica de los Andes - MP3 collection 2CD (2008)/16 Alborada Del Inka - Ablucion.mp3
Sep 14 20:52 : update: added Alborada Del Inka/Musica de los Andes - MP3 collection 2CD (2008)/73 Alborada Del Inka - Chili marka.mp3
Sep 14 20:52 : update: added Alborada Del Inka/Musica de los Andes - MP3 collection 2CD (2008)/69 Alborada Del Inka - Buscandote.mp3
Sep 14 20:52 : update: added Alborada Del Inka/Musica de los Andes - MP3 collection 2CD (2008)/34 Alborada Del Inka - Danza.mp3
Sep 14 20:52 : update: added Alborada Del Inka/Musica de los Andes - MP3 collection 2CD (2008)/14 Alborada Del Inka - LLakirunas.mp3
Sep 14 20:52 : update: added Alborada Del Inka/Musica de los Andes - MP3 collection 2CD (2008)/23 Alborada Del Inka - Tempestad.mp3
Sep 14 20:52 : update: added Alborada Del Inka/Musica de los Andes - MP3 collection 2CD (2008)/19 Alborada Del Inka - Humahuaqueno.mp3
Sep 14 20:52 : update: added Alborada Del Inka/Musica de los Andes - MP3 collection 2CD (2008)/44 Alborada Del Inka - Mi nena.mp3
Sep 14 20:52 : update: added Alborada Del Inka/Musica de los Andes - MP3 collection 2CD (2008)/62 Alborada Del Inka - Camino de llamas.mp3
Sep 14 20:52 : update: added Alborada Del Inka/Musica de los Andes - MP3 collection 2CD (2008)/13 Alborada Del Inka - Valicha.mp3
Sep 14 20:52 : update: added Alborada Del Inka/Musica de los Andes - MP3 collection 2CD (2008)/98 Alborada Del Inka - Chullpara.mp3
Sep 14 20:52 : update: added Alborada Del Inka/Musica de los Andes - MP3 collection 2CD (2008)/101 Alborada Del Inka - Fiesta otavalo.mp3
Sep 14 20:52 : update: added Alborada Del Inka/Musica de los Andes - MP3 collection 2CD (2008)/94 Alborada Del Inka - Siwar qinti.mp3
Sep 14 20:52 : update: added Alborada Del Inka/Musica de los Andes - MP3 collection 2CD (2008)/55 Alborada Del Inka - Tempestad.mp3
Sep 14 20:52 : update: added Alborada Del Inka/Musica de los Andes - MP3 collection 2CD (2008)/11 Alborada Del Inka - Cambacusa.mp3
Sep 14 20:52 : update: added Alborada Del Inka/Musica de los Andes - MP3 collection 2CD (2008)/58 Alborada Del Inka - Chullpara.mp3
Sep 14 20:52 : update: added Alborada Del Inka/Musica de los Andes - MP3 collection 2CD (2008)/49 Alborada Del Inka - Puru-Runas .mp3
Sep 14 20:52 : update: added Alborada Del Inka/Musica de los Andes - MP3 collection 2CD (2008)/38 Alborada Del Inka - Estrellita mia.mp3
Sep 14 20:52 : update: added Alborada Del Inka/Musica de los Andes - MP3 collection 2CD (2008)/60 Alborada Del Inka - Tus besos.mp3
Sep 14 20:52 : update: added Alborada Del Inka/Musica de los Andes - MP3 collection 2CD (2008)/81 Alborada Del Inka - Llamas.mp3
Sep 14 20:52 : update: added Alborada Del Inka/Musica de los Andes - MP3 collection 2CD (2008)/09 Alborada Del Inka - Corazon entristecido.mp3
Sep 14 20:52 : update: added Alborada Del Inka/Musica de los Andes - MP3 collection 2CD (2008)/93 Alborada Del Inka - El condor pasa (III).mp3
Sep 14 20:52 : update: added Alborada Del Inka/Musica de los Andes - MP3 collection 2CD (2008)/68 Alborada Del Inka - Vientos del sur.mp3
Sep 14 20:52 : update: added Alborada Del Inka/Musica de los Andes - MP3 collection 2CD (2008)/46 Alborada Del Inka - Negro corazon.mp3
Sep 14 20:52 : update: added Alborada Del Inka/Musica de los Andes - MP3 collection 2CD (2008)/74 Alborada Del Inka - Concepcion.mp3
Sep 14 20:52 : update: added Alborada Del Inka/Musica de los Andes - MP3 collection 2CD (2008)/48 Alborada Del Inka - Pichitanca.mp3
Sep 14 20:52 : update: added Alborada Del Inka/Musica de los Andes - MP3 collection 2CD (2008)/27 Alborada Del Inka - El condor pasa.mp3
Sep 14 20:52 : update: added Alborada Del Inka/Musica de los Andes - MP3 collection 2CD (2008)/28 Alborada Del Inka - Moliendo cafe.mp3
Sep 14 20:52 : update: added Alborada Del Inka/Musica de los Andes - MP3 collection 2CD (2008)/63 Alborada Del Inka - Sipan.mp3
Sep 14 20:52 : update: added Alborada Del Inka/Musica de los Andes - MP3 collection 2CD (2008)/29 Alborada Del Inka - Carnavales.mp3
Sep 14 20:52 : update: added Alborada Del Inka/Musica de los Andes - MP3 collection 2CD (2008)/82 Alborada Del Inka - Mallcu.mp3
Sep 14 20:52 : update: added Alborada Del Inka/Musica de los Andes - MP3 collection 2CD (2008)/21 Alborada Del Inka - Tabacundena.mp3
Sep 14 20:52 : update: added Alborada Del Inka/Musica de los Andes - MP3 collection 2CD (2008)/88 Alborada Del Inka - Thinku.mp3
Sep 14 20:52 : update: added Alborada Del Inka/Musica de los Andes - MP3 collection 2CD (2008)/87 Alborada Del Inka - Susurro.mp3
Sep 14 20:52 : update: added Alborada Del Inka/Musica de los Andes - MP3 collection 2CD (2008)/07 Alborada Del Inka - Sariri.mp3
Sep 14 20:52 : update: added Alborada Del Inka/Musica de los Andes - MP3 collection 2CD (2008)/43 Alborada Del Inka - Mi destino.mp3
Sep 14 20:52 : update: added Alborada Del Inka/Musica de los Andes - MP3 collection 2CD (2008)/78 Alborada Del Inka - La guerra.mp3
Sep 14 20:52 : update: added Alborada Del Inka/Musica de los Andes - MP3 collection 2CD (2008)/72 Alborada Del Inka - Camino de llamas (I).mp3
Sep 14 20:52 : update: added Alborada Del Inka/Musica de los Andes - MP3 collection 2CD (2008)/30 Alborada Del Inka - Ukaramena.mp3
Sep 14 20:52 : update: added Alborada Del Inka/Musica de los Andes - MP3 collection 2CD (2008)/45 Alborada Del Inka - Mi pequenita.mp3
Sep 14 20:52 : update: added Alborada Del Inka/Musica de los Andes - MP3 collection 2CD (2008)/01 Alborada Del Inka - Cuando floresca el chuno.mp3
Sep 14 20:52 : update: added Alborada Del Inka/Musica de los Andes - MP3 collection 2CD (2008)/05 Alborada Del Inka - Esperanzas.mp3
Sep 14 20:52 : update: added Alborada Del Inka/Musica de los Andes - MP3 collection 2CD (2008)/61 Alborada Del Inka - Chili marka.mp3
Sep 14 20:52 : update: added Alborada Del Inka/Musica de los Andes - MP3 collection 2CD (2008)/42 Alborada Del Inka - Mama sapaqui.mp3
Sep 14 20:52 : update: added Alborada Del Inka/Musica de los Andes - MP3 collection 2CD (2008)/25 Alborada Del Inka - Saya de amor.mp3
Sep 14 20:52 : update: added Alborada Del Inka/Musica de los Andes - MP3 collection 2CD (2008)/54 Alborada Del Inka - Susurro.mp3
Sep 14 20:52 : update: added Alborada Del Inka/Musica de los Andes - MP3 collection 2CD (2008)/37 Alborada Del Inka - El condor pasa (II).mp3
Sep 14 20:52 : update: added Alborada Del Inka/Musica de los Andes - MP3 collection 2CD (2008)/04 Alborada Del Inka - Jina jina.mp3
Sep 14 20:52 : update: added Alborada Del Inka/Musica de los Andes - MP3 collection 2CD (2008)/12 Alborada Del Inka - Piedrecita.mp3
Sep 14 20:52 : update: added Alborada Del Inka/Musica de los Andes - MP3 collection 2CD (2008)/91 Alborada Del Inka - Virgenes del sol.mp3
Sep 14 20:52 : update: added Alborada Del Inka/Musica de los Andes - MP3 collection 2CD (2008)/39 Alborada Del Inka - Flor de un dia.mp3
Sep 14 20:52 : update: added Alborada Del Inka/Musica de los Andes - MP3 collection 2CD (2008)/18 Alborada Del Inka - Iscanwaya.mp3
Sep 14 20:52 : update: added Alborada Del Inka/Musica de los Andes - MP3 collection 2CD (2008)/83 Alborada Del Inka - Puerta del sol.mp3
Sep 14 20:52 : update: added Alborada Del Inka/Musica de los Andes - MP3 collection 2CD (2008)/20 Alborada Del Inka - La bamba.mp3
Sep 14 20:52 : update: added Alborada Del Inka/Musica de los Andes - MP3 collection 2CD (2008)/53 Alborada Del Inka - Suenos de amor.mp3
Sep 14 20:52 : update: added Alborada Del Inka/Musica de los Andes - MP3 collection 2CD (2008)/75 Alborada Del Inka - El pituco.mp3
Sep 14 20:52 : update: added Alborada Del Inka/Musica de los Andes - MP3 collection 2CD (2008)/89 Alborada Del Inka - Trote.mp3
Sep 14 20:52 : update: added Alborada Del Inka/Musica de los Andes - MP3 collection 2CD (2008)/32 Alborada Del Inka - Carmelita.mp3
Sep 14 20:52 : update: added Alborada Del Inka/Musica de los Andes - MP3 collection 2CD (2008)/95 Alborada Del Inka - Sonqo mayu-willca mayu.mp3
Sep 14 20:52 : update: added Alborada Del Inka/Musica de los Andes - MP3 collection 2CD (2008)/51 Alborada Del Inka - Senora.mp3
Sep 14 20:52 : update: added Alborada Del Inka/Musica de los Andes - MP3 collection 2CD (2008)/02 Alborada Del Inka - Kullakita.mp3
Sep 14 20:52 : update: added Alborada Del Inka/Musica de los Andes - MP3 collection 2CD (2008)/26 Alborada Del Inka - Orgomayo.mp3
Sep 14 20:52 : update: added Alborada Del Inka/Musica de los Andes - MP3 collection 2CD (2008)/65 Alborada Del Inka - Tatati.mp3
Sep 14 20:52 : update: added Alborada Del Inka/Musica de los Andes - MP3 collection 2CD (2008)/84 Alborada Del Inka - Puru-runas.mp3
Sep 14 20:52 : update: added Alborada Del Inka/Musica de los Andes - MP3 collection 2CD (2008)/36 Alborada Del Inka - La cumbre.mp3
Sep 14 20:52 : update: added Alborada Del Inka/Musica de los Andes - MP3 collection 2CD (2008)/10 Alborada Del Inka - Jacu.mp3
Sep 14 20:52 : update: added Alborada Del Inka/Musica de los Andes - MP3 collection 2CD (2008)/06 Alborada Del Inka - Awatinas.mp3
Sep 14 20:52 : update: added Alborada Del Inka/Musica de los Andes - MP3 collection 2CD (2008)/77 Alborada Del Inka - Justicia y libertad.mp3
Sep 14 20:52 : update: added Alborada Del Inka/Musica de los Andes - MP3 collection 2CD (2008)/66 Alborada Del Inka - Mama Criso.mp3
Sep 14 20:52 : update: added Alborada Del Inka/Musica de los Andes - MP3 collection 2CD (2008)/50 Alborada Del Inka - Renacimiento.mp3
Sep 14 20:52 : update: added Alborada Del Inka/Musica de los Andes - MP3 collection 2CD (2008)/40 Alborada Del Inka - Historia de piedra.mp3
Sep 14 20:52 : update: added Alborada Del Inka/Musica de los Andes - MP3 collection 2CD (2008)/08 Alborada Del Inka - Chimbaloma.mp3
Sep 14 20:52 : update: added Alborada Del Inka/Musica de los Andes - MP3 collection 2CD (2008)/96 Alborada Del Inka - Mi raza.mp3
Sep 14 20:52 : update: added Alborada Del Inka/Musica de los Andes - MP3 collection 2CD (2008)/22 Alborada Del Inka - Amor amor.mp3
Sep 14 20:52 : update: added Alborada Del Inka/Musica de los Andes - MP3 collection 2CD (2008)/17 Alborada Del Inka - Es para ti.mp3
Sep 14 20:52 : update: added Alborada Del Inka/Alborada Del Inka - Ciudad De Piedra (2002)/15 Alborada Del Inka - Chasquitambo.mp3
Sep 14 20:52 : update: added Alborada Del Inka/Alborada Del Inka - Ciudad De Piedra (2002)/07 Alborada Del Inka - Condorcanqui[1].mp3
Sep 14 20:52 : update: added Alborada Del Inka/Alborada Del Inka - Ciudad De Piedra (2002)/05 Alborada Del Inka - Trilla Inka.mp3
Sep 14 20:52 : update: added Alborada Del Inka/Alborada Del Inka - Ciudad De Piedra (2002)/13 Alborada Del Inka - Pampa Lirima.mp3
Sep 14 20:52 : update: added Alborada Del Inka/Alborada Del Inka - Ciudad De Piedra (2002)/07 Alborada Del Inka - Condorcanqui.mp3
Sep 14 20:52 : update: added Alborada Del Inka/Alborada Del Inka - Ciudad De Piedra (2002)/18 Alborada Del Inka - Akru.mp3
Sep 14 20:52 : update: added Alborada Del Inka/Alborada Del Inka - Ciudad De Piedra (2002)/10 Alborada Del Inka - Rebelde.mp3
Sep 14 20:52 : update: added Alborada Del Inka/Alborada Del Inka - Ciudad De Piedra (2002)/01 Alborada Del Inka - Arokawa.mp3
Sep 14 20:52 : update: added Alborada Del Inka/Alborada Del Inka - Ciudad De Piedra (2002)/12 Alborada Del Inka - Sentir Andino.mp3
Sep 14 20:52 : update: added Alborada Del Inka/Alborada Del Inka - Ciudad De Piedra (2002)/03 Alborada Del Inka - El Dorado.mp3
Sep 14 20:52 : update: added Alborada Del Inka/Alborada Del Inka - Ciudad De Piedra (2002)/11 Alborada Del Inka - Atahualpa.mp3
Sep 14 20:52 : update: added Alborada Del Inka/Alborada Del Inka - Ciudad De Piedra (2002)/09 Alborada Del Inka - Wara.mp3
Sep 14 20:52 : update: added Alborada Del Inka/Alborada Del Inka - Ciudad De Piedra (2002)/17 Alborada Del Inka - Fuego En Los Andes.mp3
Sep 14 20:52 : update: added Alborada Del Inka/Alborada Del Inka - Ciudad De Piedra (2002)/08 Alborada Del Inka - Atacamenos.mp3
Sep 14 20:52 : update: added Alborada Del Inka/Alborada Del Inka - Ciudad De Piedra (2002)/16 Alborada Del Inka - Virgenes Del Sol.mp3
Sep 14 20:52 : update: added Alborada Del Inka/Alborada Del Inka - Ciudad De Piedra (2002)/06 Alborada Del Inka - Espiritu Del Tiempo.mp3
Sep 14 20:52 : update: added Alborada Del Inka/Alborada Del Inka - Ciudad De Piedra (2002)/02 Alborada Del Inka - El Valle De La Luna.mp3
Sep 14 20:52 : update: added Alborada Del Inka/Alborada Del Inka - Ciudad De Piedra (2002)/04 Alborada Del Inka - Encuentros.mp3
Sep 14 20:52 : update: added Alborada Del Inka/Alborada Del Inka - Ciudad De Piedra (2002)/14 Alborada Del Inka - Ciudad De Piedra.mp3
Sep 14 20:52 : update: added Alborada Del Inka/Alborada Del Inka - Cuzco (2005)/02 Alborada del Inka - Si Te Vas.mp3
Sep 14 20:52 : update: added Alborada Del Inka/Alborada Del Inka - Cuzco (2005)/06 Alborada del Inka - Porque Estas Triste.mp3
Sep 14 20:52 : update: added Alborada Del Inka/Alborada Del Inka - Cuzco (2005)/10 Alborada del Inka - Nunca Tuve Suerte.mp3
Sep 14 20:52 : update: added Alborada Del Inka/Alborada Del Inka - Cuzco (2005)/01 Alborada del Inka - El Titi En El Lago Sagrado.mp3
Sep 14 20:52 : update: added Alborada Del Inka/Alborada Del Inka - Cuzco (2005)/08 Alborada del Inka - Siempre He De Adorate.mp3
Sep 14 20:52 : update: added Alborada Del Inka/Alborada Del Inka - Cuzco (2005)/12 Alborada del Inka - Dejeras.mp3
Sep 14 20:52 : update: added Alborada Del Inka/Alborada Del Inka - Cuzco (2005)/09 Alborada del Inka - Mi Dulce Karma.mp3
Sep 14 20:52 : update: added Alborada Del Inka/Alborada Del Inka - Cuzco (2005)/14 Alborada del Inka - Viaje Sin Retorno.mp3
Sep 14 20:52 : update: added Alborada Del Inka/Alborada Del Inka - Cuzco (2005)/03 Alborada del Inka - Buscando Un Sueno Perdido.mp3
Sep 14 20:52 : update: added Alborada Del Inka/Alborada Del Inka - Cuzco (2005)/11 Alborada del Inka - Kully.mp3
Sep 14 20:52 : update: added Alborada Del Inka/Alborada Del Inka - Cuzco (2005)/05 Alborada del Inka - Cara Pintada.mp3
Sep 14 20:52 : update: added Alborada Del Inka/Alborada Del Inka - Cuzco (2005)/13 Alborada del Inka - Dibujando Tu Timidez.mp3
Sep 14 20:52 : update: added Alborada Del Inka/Alborada Del Inka - Cuzco (2005)/04 Alborada del Inka - Son Tantas Noches.mp3
Sep 14 20:52 : update: added Alborada Del Inka/Alborada Del Inka - Cuzco (2005)/07 Alborada del Inka - Al Despertar.mp3
Sep 14 20:52 : update: added Alborada Del Inka/Alborada Del Inka - Amazonas (2009)/14 Alborada Del Inka - El indiecito Raggae.mp3
Sep 14 20:52 : update: added Alborada Del Inka/Alborada Del Inka - Amazonas (2009)/13 Alborada Del Inka - El Chiman.mp3
Sep 14 20:52 : update: added Alborada Del Inka/Alborada Del Inka - Amazonas (2009)/12 Alborada Del Inka - Altiplano.mp3
Sep 14 20:52 : update: added Alborada Del Inka/Alborada Del Inka - Amazonas (2009)/05 Alborada Del Inka - A lo Ho Ho.mp3
Sep 14 20:52 : update: added Alborada Del Inka/Alborada Del Inka - Amazonas (2009)/15 Alborada Del Inka - Kuntur.mp3
Sep 14 20:52 : update: added Alborada Del Inka/Alborada Del Inka - Amazonas (2009)/04 Alborada Del Inka - Profesia del condor y el aguila.mp3
Sep 14 20:52 : update: added Alborada Del Inka/Alborada Del Inka - Amazonas (2009)/06 Alborada Del Inka - Nuevo dia.mp3
Sep 14 20:52 : update: added Alborada Del Inka/Alborada Del Inka - Amazonas (2009)/08 Alborada Del Inka - Dawa.mp3
Sep 14 20:52 : update: added Alborada Del Inka/Alborada Del Inka - Amazonas (2009)/16 Alborada Del Inka - Ananau.mp3
Sep 14 20:52 : update: added Alborada Del Inka/Alborada Del Inka - Amazonas (2009)/07 Alborada Del Inka - Circulo de la amistad (Great Spirits).mp3
Sep 14 20:52 : update: added Alborada Del Inka/Alborada Del Inka - Amazonas (2009)/01 Alborada Del Inka - Maht Jchi.mp3
Sep 14 20:52 : update: added Alborada Del Inka/Alborada Del Inka - Amazonas (2009)/11 Alborada Del Inka - Zizari lucero.mp3
Sep 14 20:52 : update: added Alborada Del Inka/Alborada Del Inka - Amazonas (2009)/10 Alborada Del Inka - Wayllunakusun.mp3
Sep 14 20:52 : update: added Alborada Del Inka/Alborada Del Inka - Amazonas (2009)/09 Alborada Del Inka - El ultimo indio moxicano (song from the film 'The last Mohican').mp3
Sep 14 20:52 : update: added Alborada Del Inka/Alborada Del Inka - Amazonas (2009)/03 Alborada Del Inka - Primer llanto.mp3
Sep 14 20:52 : update: added Alborada Del Inka/Alborada Del Inka - Amazonas (2009)/02 Alborada Del Inka - Canto lacota (Great Spirits).mp3
Sep 14 20:52 : update: added Alborada Del Inka/Alborada Del Inka - Alborada del Inka (2006)/04 Alborada del Inka - Wayrapa Muspuynin.mp3
Sep 14 20:52 : update: added Alborada Del Inka/Alborada Del Inka - Alborada del Inka (2006)/08 Alborada del Inka - White Buffalo.mp3
Sep 14 20:52 : update: added Alborada Del Inka/Alborada Del Inka - Alborada del Inka (2006)/02 Alborada del Inka - Puka Urqu.mp3
Sep 14 20:52 : update: added Alborada Del Inka/Alborada Del Inka - Alborada del Inka (2006)/10 Alborada del Inka - Llaky Runa.mp3
Sep 14 20:52 : update: added Alborada Del Inka/Alborada Del Inka - Alborada del Inka (2006)/12 Alborada del Inka - Sayry nan.mp3
Sep 14 20:52 : update: added Alborada Del Inka/Alborada Del Inka - Alborada del Inka (2006)/11 Alborada del Inka - Qarwa Yaku.mp3
Sep 14 20:52 : update: added Alborada Del Inka/Alborada Del Inka - Alborada del Inka (2006)/01 Alborada del Inka - The Song of the Sun.mp3
Sep 14 20:52 : update: added Alborada Del Inka/Alborada Del Inka - Alborada del Inka (2006)/05 Alborada del Inka - Dark Isalnd.mp3
Sep 14 20:52 : update: added Alborada Del Inka/Alborada Del Inka - Alborada del Inka (2006)/06 Alborada del Inka - Sunquyman.mp3
Sep 14 20:52 : update: added Alborada Del Inka/Alborada Del Inka - Alborada del Inka (2006)/03 Alborada del Inka - The last Mohican.mp3
Sep 14 20:52 : update: added Alborada Del Inka/Alborada Del Inka - Alborada del Inka (2006)/07 Alborada del Inka - Love Mountain.mp3
Sep 14 20:52 : update: added Alborada Del Inka/Alborada Del Inka - Alborada del Inka (2006)/09 Alborada del Inka - Axtu Leman Sumix.mp3
Sep 14 20:52 : update: added Alborada Del Inka/Alborada Del Inka - Alborada del Inka (2006)/13 Alborada del Inka - Flying Condor.mp3
Sep 14 20:52 : update: added the_witcher_3_wild_hunt_-_official_soundtrack_flac/21 The Vagabond.flac
Sep 14 20:52 : update: added the_witcher_3_wild_hunt_-_official_soundtrack_flac/30 The Song of the Sword–Dancer.flac
Sep 14 20:52 : update: added the_witcher_3_wild_hunt_-_official_soundtrack_flac/02 Geralt of Rivia.flac
Sep 14 20:52 : update: added the_witcher_3_wild_hunt_-_official_soundtrack_flac/05 Aen Seidhe.flac
Sep 14 20:52 : update: added the_witcher_3_wild_hunt_-_official_soundtrack_flac/25 Welcome, Imlerith.flac
Sep 14 20:52 : update: added the_witcher_3_wild_hunt_-_official_soundtrack_flac/20 Fate Calls.flac
Sep 14 20:52 : update: added the_witcher_3_wild_hunt_-_official_soundtrack_flac/16 Kaer Morhen.flac
Sep 14 20:52 : update: added the_witcher_3_wild_hunt_-_official_soundtrack_flac/29 Farewell, Old Friend.flac
Sep 14 20:52 : update: added the_witcher_3_wild_hunt_-_official_soundtrack_flac/08 Spikeroog.flac
Sep 14 20:52 : update: added the_witcher_3_wild_hunt_-_official_soundtrack_flac/19 ...Steel for Humans.flac
Sep 14 20:52 : update: added the_witcher_3_wild_hunt_-_official_soundtrack_flac/28 Blood on the Cobblestones.flac
Sep 14 20:52 : update: added the_witcher_3_wild_hunt_-_official_soundtrack_flac/35 Hunt or Be Hunted.flac
Sep 14 20:52 : update: added the_witcher_3_wild_hunt_-_official_soundtrack_flac/27 After the Storm.flac
Sep 14 20:52 : update: added the_witcher_3_wild_hunt_-_official_soundtrack_flac/22 Cloak and Dagger.flac
Sep 14 20:52 : update: added the_witcher_3_wild_hunt_-_official_soundtrack_flac/04 Wake Up, Ciri.flac
Sep 14 20:52 : update: added the_witcher_3_wild_hunt_-_official_soundtrack_flac/13 City of Intrigues.flac
Sep 14 20:52 : update: added the_witcher_3_wild_hunt_-_official_soundtrack_flac/07 Emhyr var Emreis.flac
Sep 14 20:52 : update: added the_witcher_3_wild_hunt_-_official_soundtrack_flac/26 Drink Up, There’s More!.flac
Sep 14 20:52 : update: added the_witcher_3_wild_hunt_-_official_soundtrack_flac/31 The Hunt is Coming.flac
Sep 14 20:52 : update: added the_witcher_3_wild_hunt_-_official_soundtrack_flac/06 Commanding the Fury.flac
Sep 14 20:52 : update: added the_witcher_3_wild_hunt_-_official_soundtrack_flac/01 The Trail.flac
Sep 14 20:52 : update: added the_witcher_3_wild_hunt_-_official_soundtrack_flac/10 Silver for Monsters....flac
Sep 14 20:52 : update: added the_witcher_3_wild_hunt_-_official_soundtrack_flac/12 The Nightingale.flac
Sep 14 20:52 : update: added the_witcher_3_wild_hunt_-_official_soundtrack_flac/09 King Bran's Final Voyage.flac
Sep 14 20:52 : update: added the_witcher_3_wild_hunt_-_official_soundtrack_flac/15 Widow-maker.flac
Sep 14 20:52 : update: added the_witcher_3_wild_hunt_-_official_soundtrack_flac/14 The Hunter's Path.flac
Sep 14 20:52 : update: added the_witcher_3_wild_hunt_-_official_soundtrack_flac/24 Yes, I Do....flac
Sep 14 20:52 : update: added the_witcher_3_wild_hunt_-_official_soundtrack_flac/32 The Fields of Ard Skellig.flac
Sep 14 20:52 : update: added the_witcher_3_wild_hunt_-_official_soundtrack_flac/34 Merchants of Novigrad.flac
Sep 14 20:52 : update: added the_witcher_3_wild_hunt_-_official_soundtrack_flac/33 Ladies of the Woods.flac
Sep 14 20:52 : update: added the_witcher_3_wild_hunt_-_official_soundtrack_flac/23 Forged in Fire.flac
Sep 14 20:52 : update: added the_witcher_3_wild_hunt_-_official_soundtrack_flac/03 Eredin, King of the Hunt.flac
Sep 14 20:52 : update: added the_witcher_3_wild_hunt_-_official_soundtrack_flac/17 Eyes of the Wolf.flac
Sep 14 20:52 : update: added the_witcher_3_wild_hunt_-_official_soundtrack_flac/11 Whispers of Oxenfurt.flac
Sep 14 20:52 : update: added the_witcher_3_wild_hunt_-_official_soundtrack_flac/18 Witch Hunters.flac
Sep 14 20:52 : update: added Arash/Arash 2006 Crossfade/01. Arash – Iran Iran.flac
Sep 14 20:52 : update: added Arash/Arash 2006 Crossfade/13. Arash – Boro Boro [Saba Rock Remix].flac
Sep 14 20:52 : update: added Arash/Arash 2006 Crossfade/03. Arash – Arash [Mintman Remix].flac
Sep 14 20:52 : update: added Arash/Arash 2006 Crossfade/12. Arash – Bego E Yar Bego [New version].flac
Sep 14 20:52 : update: added Arash/Arash 2006 Crossfade/10. Arash – Tike Tike Kardi [Balkan Fantastics Remix].flac
Sep 14 20:52 : update: added Arash/Arash 2006 Crossfade/16. Arash – Temptation [Payami Club].flac
Sep 14 20:52 : update: added Arash/Arash 2006 Crossfade/06. Arash – Man O To (feat Lucia).flac
Sep 14 20:52 : update: added Arash/Arash 2006 Crossfade/08. Arash – Vostochnaya Skazka (Arash vs Blestiaschie).flac
Sep 14 20:52 : update: added Arash/Arash 2006 Crossfade/05. Arash – Temptaion [CMN Remix].flac
Sep 14 20:52 : update: added Arash/Arash 2006 Crossfade/04. Arash – Tike Tike Kardi [DJ Aligator Remix].flac
Sep 14 20:52 : update: added Arash/Arash 2006 Crossfade/11. Arash – Baskon [100% Farsi Version].flac
Sep 14 20:52 : update: added Arash/Arash 2006 Crossfade/07. Arash – Boro Boro [Payami Funky Sunday Remix].flac
Sep 14 20:52 : update: added Arash/Arash 2006 Crossfade/17. Arash – Boro Boro (feat Aneela) [Indian version].flac
Sep 14 20:52 : update: added Arash/Arash 2006 Crossfade/14. Arash – Arash [Payami Vocal Club].flac
Sep 14 20:52 : update: added Arash/Arash 2006 Crossfade/09. Arash – Arash [English Version].flac
Sep 14 20:52 : update: added Arash/Arash 2006 Crossfade/15. Arash – Tke Tike Kardi [Sodaclub Remix].flac
Sep 14 20:52 : update: added Arash/Arash 2006 Crossfade/02. Arash – Baskon-Vostochniy Bratishka (Arash vs Krestnaia Semia ).flac
Sep 14 20:52 : update: added Arash/Arash feat. Helena_ Broken Angel_01911650.mp3
Sep 14 20:52 : update: added Путешествие в мир Духов/Амба Шаман Эльвил_Шаг седьмой. Ритм Медвед_01855189.mp3
Sep 14 20:52 : update: added Путешествие в мир Духов/Амба Шаман Эльвиль_Соединение сознания с силами НАмба Шаман Эльвиль_01855184.mp3
Sep 14 20:52 : update: added Путешествие в мир Духов/Амба Шаман Эльвиль_Соединение сознания с силами НАмба Шаман Эльвиль_01855060.mp3
Sep 14 20:52 : update: added Путешествие в мир Духов/Лора Ди(Тланги-Ла_Путешествие в Мир Духо_01855088.mp3
Sep 14 20:52 : update: added Путешествие в мир Духов/Амба Шаман Эльвиль_Шаг восьмой. Ритм Тигра_01855183.mp3
Sep 14 20:52 : update: added Путешествие в мир Духов/Амба Шаман Эльвил_Соединение сознания с силами Земли. Ритм Орл_01908277.mp3
Sep 14 20:52 : update: added Путешествие в мир Духов/Амба Шаман Эльвиль_Соединение сознания с силами Земли. Ри_01913986.mp3
Sep 14 20:52 : update: added Путешествие в мир Духов/Амба Шаман Эльвиль_Шаг седьмой. Ритм Медведя_01855058.mp3
Sep 14 20:52 : update: added Путешествие в мир Духов/Амба Шаман Эльвиль_Шаг первый. Ритм Змеи_01855057.mp3
Sep 14 20:52 : update: added Путешествие в мир Духов/Амба Шаман Эльвиль_Соединение сознания с силами Земли. Ри_01913903.mp3
Sep 14 20:52 : update: added Путешествие в мир Духов/Амба Шаман Эльвил_Шаг первый. Ритм Зме_01855070.mp3
Sep 14 20:52 : update: added Путешествие в мир Духов/Амба Шаман Эльвиль_Шаг первый. Ритм Змеи_01883195.mp3
Sep 14 20:52 : update: added Путешествие в мир Духов/Амба Шаман Эльвиль_Шаг первый. Ритм Змеи_01855141.mp3
Sep 14 20:52 : update: added Путешествие в мир Духов/Амба Шаман Эльвил_Соединение сознания с силами Земли. Ритм Орл_01908262.mp3
Sep 14 20:52 : update: added Путешествие в мир Духов/Амба Шаман Эльвиль_Шаг восьмой. Ритм Тигра_01855059.mp3
Sep 14 20:52 : update: added Путешествие в мир Духов/Амба Шаман Эльвиль_Шаг шестой. Ритм Паука_01883200.mp3
Sep 14 20:53 : exception: OutputThread could not get realtime scheduling, continuing anyway: sched_setscheduler failed: Operation not permitted
Sep 14 20:53 : exception: OutputThread could not get realtime scheduling, continuing anyway: sched_setscheduler failed: Operation not permitted
Sep 14 20:56 : client: [0] closed
Sep 14 20:57 : client: [1] opened from 127.0.0.1:44620
Sep 14 20:58 : player: played "the_witcher_music_inspired_by_the_game_flac/01-Tales of the Witcher.flac"
Sep 14 21:00 : client: [1] closed
Sep 14 21:00 : client: [2] opened from 127.0.0.1:44642
Sep 14 21:01 : player: played "the_witcher_music_inspired_by_the_game_flac/01-Tales of the Witcher.flac"
Sep 14 21:02 : player: played "the_witcher_music_inspired_by_the_game_flac/01-Tales of the Witcher.flac"
Sep 14 21:04 : exception: Playlist already exists
Sep 14 21:07 : player: played "the_witcher_music_inspired_by_the_game_flac/01-Tales of the Witcher.flac"
Sep 14 21:08 : client: [2] closed
Sep 14 21:08 : client: [3] opened from 127.0.0.1:44672
Sep 14 21:09 : exception: Playlist already exists
Sep 14 21:10 : client: [3] closed
Sep 14 21:10 : client: [4] opened from 127.0.0.1:44678
Sep 14 21:14 : player: played "the_witcher_music_inspired_by_the_game_flac/01-Tales of the Witcher.flac"
Sep 14 21:16 : player: played "the_witcher_3_wild_hunt_-_official_soundtrack_flac/01 The Trail.flac"
Sep 14 21:19 : player: played "the_witcher_3_wild_hunt_-_official_soundtrack_flac/02 Geralt of Rivia.flac"
Sep 14 21:21 : player: played "the_witcher_3_wild_hunt_-_official_soundtrack_flac/03 Eredin, King of the Hunt.flac"
Sep 14 21:23 : player: played "the_witcher_3_wild_hunt_-_official_soundtrack_flac/04 Wake Up, Ciri.flac"
